Arguments: 
  /usr/local/bin/node /Users/u0157828/.yarn/bin/yarn.js add bodyParser

PATH: 
  /Users/u0157828/.rvm/gems/ruby-2.5.5/bin:/Users/u0157828/.rvm/gems/ruby-2.5.5@global/bin:/Users/u0157828/.rvm/rubies/ruby-2.5.5/bin:/Users/u0157828/.yarn/bin:/Users/u0157828/.config/yarn/global/node_modules/.bin:/usr/local/opt/postgresql@10/bin:/Users/u0157828/.cargo/bin:/usr/local/bin:/usr/bin:/bin:/usr/sbin:/sbin:/Library/Apple/usr/bin:/Library/Apple/bin:/usr/local/share/dotnet:/opt/X11/bin:~/.dotnet/tools:/Library/Frameworks/Mono.framework/Versions/Current/Commands:/Applications/Wireshark.app/Contents/MacOS:/Users/u0157828/.rvm/gems/ruby-2.5.5/bin:/Users/u0157828/.rvm/gems/ruby-2.5.5@global/bin:/Users/u0157828/.rvm/rubies/ruby-2.5.5/bin:/Users/u0157828/.yarn/bin:/Users/u0157828/.config/yarn/global/node_modules/.bin:/usr/local/opt/postgresql@10/bin:/Users/u0157828/.cargo/bin:/Users/u0157828/.rvm/bin:/Users/u0157828/.rvm/bin

Yarn version: 
  1.17.3

Node version: 
  8.12.0

Platform: 
  darwin x64

Trace: 
  Error: https://registry.yarnpkg.com/bodyParser: Not found
      at Request.params.callback [as _callback] (/Users/u0157828/.yarn/lib/cli.js:66830:18)
      at Request.self.callback (/Users/u0157828/.yarn/lib/cli.js:140464:22)
      at emitTwo (events.js:126:13)
      at Request.emit (events.js:214:7)
      at Request.<anonymous> (/Users/u0157828/.yarn/lib/cli.js:141436:10)
      at emitOne (events.js:116:13)
      at Request.emit (events.js:211:7)
      at IncomingMessage.<anonymous> (/Users/u0157828/.yarn/lib/cli.js:141358:12)
      at Object.onceWrapper (events.js:313:30)
      at emitNone (events.js:111:20)

npm manifest: 
  {
    "name": "test",
    "version": "1.0.0",
    "description": "",
    "main": "app.js",
    "scripts": {
      "start": "nodemon app.js"
    },
    "author": "",
    "license": "ISC",
    "dependencies": {
      "@hapi/joi": "^17.1.0",
      "bcryptjs": "^2.4.3",
      "dotenv": "^8.2.0",
      "express": "^4.17.1",
      "joi": "^14.3.1",
      "jsonwebtoken": "^8.5.1",
      "mongoose": "^5.8.9",
      "nodemon": "^2.0.2"
    }
  }

yarn manifest: 
  No manifest

Lockfile: 
  No lockfile
